ERROR - 2025-02-09 11:03:03 --> Error connecting to the database: ErrorException: mysqli::real_connect(): php_network_getaddresses: getaddrinfo for 192.168.0.697 failed: No such host is known.  in D:\xampp\htdocs\farmasi\system\Database\MySQLi\Connection.php:186
Stack trace:
#0 [internal function]: CodeIgniter\Debug\Exceptions->errorHandler(2, 'mysqli::real_co...', 'D:\\xampp\\htdocs...', 186)
#1 D:\xampp\htdocs\farmasi\system\Database\MySQLi\Connection.php(186): mysqli->real_connect('192.168.0.697', 'simrs', Object(SensitiveParameterValue), 'simrs', 3306, '', 0)
#2 D:\xampp\htdocs\farmasi\system\Database\BaseConnection.php(421): CodeIgniter\Database\MySQLi\Connection->connect(false)
#3 D:\xampp\htdocs\farmasi\system\Database\BaseConnection.php(616): CodeIgniter\Database\BaseConnection->initialize()
#4 D:\xampp\htdocs\farmasi\system\Database\BaseBuilder.php(1644): CodeIgniter\Database\BaseConnection->query('SELECT `id`, `n...', Array, false)
#5 D:\xampp\htdocs\farmasi\system\Model.php(286): CodeIgniter\Database\BaseBuilder->get()
#6 D:\xampp\htdocs\farmasi\system\BaseModel.php(675): CodeIgniter\Model->doFindAll(0, 0)
#7 D:\xampp\htdocs\farmasi\app\Controllers\AntrianController.php(38): CodeIgniter\BaseModel->findAll()
#8 D:\xampp\htdocs\farmasi\system\CodeIgniter.php(933): App\Controllers\AntrianController->getAntrianHariIni()
#9 D:\xampp\htdocs\farmasi\system\CodeIgniter.php(509): CodeIgniter\CodeIgniter->runController(Object(App\Controllers\AntrianController))
#10 D:\xampp\htdocs\farmasi\system\CodeIgniter.php(355): CodeIgniter\CodeIgniter->handleRequest(NULL, Object(Config\Cache), false)
#11 D:\xampp\htdocs\farmasi\system\Boot.php(334): CodeIgniter\CodeIgniter->run()
#12 D:\xampp\htdocs\farmasi\system\Boot.php(67): CodeIgniter\Boot::runCodeIgniter(Object(CodeIgniter\CodeIgniter))
#13 D:\xampp\htdocs\farmasi\public\index.php(56): CodeIgniter\Boot::bootWeb(Object(Config\Paths))
#14 {main}

Next mysqli_sql_exception: php_network_getaddresses: getaddrinfo for 192.168.0.697 failed: No such host is known.  in D:\xampp\htdocs\farmasi\system\Database\MySQLi\Connection.php:186
Stack trace:
#0 D:\xampp\htdocs\farmasi\system\Database\MySQLi\Connection.php(186): mysqli->real_connect('192.168.0.697', 'simrs', Object(SensitiveParameterValue), 'simrs', 3306, '', 0)
#1 D:\xampp\htdocs\farmasi\system\Database\BaseConnection.php(421): CodeIgniter\Database\MySQLi\Connection->connect(false)
#2 D:\xampp\htdocs\farmasi\system\Database\BaseConnection.php(616): CodeIgniter\Database\BaseConnection->initialize()
#3 D:\xampp\htdocs\farmasi\system\Database\BaseBuilder.php(1644): CodeIgniter\Database\BaseConnection->query('SELECT `id`, `n...', Array, false)
#4 D:\xampp\htdocs\farmasi\system\Model.php(286): CodeIgniter\Database\BaseBuilder->get()
#5 D:\xampp\htdocs\farmasi\system\BaseModel.php(675): CodeIgniter\Model->doFindAll(0, 0)
#6 D:\xampp\htdocs\farmasi\app\Controllers\AntrianController.php(38): CodeIgniter\BaseModel->findAll()
#7 D:\xampp\htdocs\farmasi\system\CodeIgniter.php(933): App\Controllers\AntrianController->getAntrianHariIni()
#8 D:\xampp\htdocs\farmasi\system\CodeIgniter.php(509): CodeIgniter\CodeIgniter->runController(Object(App\Controllers\AntrianController))
#9 D:\xampp\htdocs\farmasi\system\CodeIgniter.php(355): CodeIgniter\CodeIgniter->handleRequest(NULL, Object(Config\Cache), false)
#10 D:\xampp\htdocs\farmasi\system\Boot.php(334): CodeIgniter\CodeIgniter->run()
#11 D:\xampp\htdocs\farmasi\system\Boot.php(67): CodeIgniter\Boot::runCodeIgniter(Object(CodeIgniter\CodeIgniter))
#12 D:\xampp\htdocs\farmasi\public\index.php(56): CodeIgniter\Boot::bootWeb(Object(Config\Paths))
#13 {main}

Next CodeIgniter\Database\Exceptions\DatabaseException: php_network_getaddresses: getaddrinfo for 192.168.0.697 failed: No such host is known.  in D:\xampp\htdocs\farmasi\system\Database\MySQLi\Connection.php:231
Stack trace:
#0 D:\xampp\htdocs\farmasi\system\Database\BaseConnection.php(421): CodeIgniter\Database\MySQLi\Connection->connect(false)
#1 D:\xampp\htdocs\farmasi\system\Database\BaseConnection.php(616): CodeIgniter\Database\BaseConnection->initialize()
#2 D:\xampp\htdocs\farmasi\system\Database\BaseBuilder.php(1644): CodeIgniter\Database\BaseConnection->query('SELECT `id`, `n...', Array, false)
#3 D:\xampp\htdocs\farmasi\system\Model.php(286): CodeIgniter\Database\BaseBuilder->get()
#4 D:\xampp\htdocs\farmasi\system\BaseModel.php(675): CodeIgniter\Model->doFindAll(0, 0)
#5 D:\xampp\htdocs\farmasi\app\Controllers\AntrianController.php(38): CodeIgniter\BaseModel->findAll()
#6 D:\xampp\htdocs\farmasi\system\CodeIgniter.php(933): App\Controllers\AntrianController->getAntrianHariIni()
#7 D:\xampp\htdocs\farmasi\system\CodeIgniter.php(509): CodeIgniter\CodeIgniter->runController(Object(App\Controllers\AntrianController))
#8 D:\xampp\htdocs\farmasi\system\CodeIgniter.php(355): CodeIgniter\CodeIgniter->handleRequest(NULL, Object(Config\Cache), false)
#9 D:\xampp\htdocs\farmasi\system\Boot.php(334): CodeIgniter\CodeIgniter->run()
#10 D:\xampp\htdocs\farmasi\system\Boot.php(67): CodeIgniter\Boot::runCodeIgniter(Object(CodeIgniter\CodeIgniter))
#11 D:\xampp\htdocs\farmasi\public\index.php(56): CodeIgniter\Boot::bootWeb(Object(Config\Paths))
#12 {main}
CRITICAL - 2025-02-09 11:03:03 --> CodeIgniter\Database\Exceptions\DatabaseException: Unable to connect to the database.
Main connection [MySQLi]: php_network_getaddresses: getaddrinfo for 192.168.0.697 failed: No such host is known. 
[Method: GET, Route: antrian/hari-ini]
in SYSTEMPATH\Database\BaseConnection.php on line 467.
 1 SYSTEMPATH\Database\BaseConnection.php(616): CodeIgniter\Database\BaseConnection->initialize()
 2 SYSTEMPATH\Database\BaseBuilder.php(1644): CodeIgniter\Database\BaseConnection->query('SELECT `id`, `nomor`, `antrian`, `tanggal`, `no_reg`, `nama`, `antrian_aktif`, `call_at`, `process_at`, `sts_racikan`
FROM `trn_kpo_rajal`
WHERE `tanggal` = :tanggal:
AND `sts_racikan` = :sts_racikan:
AND `end_at` IS NULL
ORDER BY `antrian` ASC', [...], false)
 3 SYSTEMPATH\Model.php(286): CodeIgniter\Database\BaseBuilder->get()
 4 SYSTEMPATH\BaseModel.php(675): CodeIgniter\Model->doFindAll(0, 0)
 5 APPPATH\Controllers\AntrianController.php(38): CodeIgniter\BaseModel->findAll()
 6 SYSTEMPATH\CodeIgniter.php(933): App\Controllers\AntrianController->getAntrianHariIni()
 7 SYSTEMPATH\CodeIgniter.php(509): CodeIgniter\CodeIgniter->runController(Object(App\Controllers\AntrianController))
 8 SYSTEMPATH\CodeIgniter.php(355): CodeIgniter\CodeIgniter->handleRequest(null, Object(Config\Cache), false)
 9 SYSTEMPATH\Boot.php(334): CodeIgniter\CodeIgniter->run()
10 SYSTEMPATH\Boot.php(67): CodeIgniter\Boot::runCodeIgniter(Object(CodeIgniter\CodeIgniter))
11 FCPATH\index.php(56): CodeIgniter\Boot::bootWeb(Object(Config\Paths))
ERROR - 2025-02-09 11:03:03 --> Error connecting to the database: ErrorException: mysqli::real_connect(): php_network_getaddresses: getaddrinfo for 192.168.0.697 failed: No such host is known.  in D:\xampp\htdocs\farmasi\system\Database\MySQLi\Connection.php:186
Stack trace:
#0 [internal function]: CodeIgniter\Debug\Exceptions->errorHandler(2, 'mysqli::real_co...', 'D:\\xampp\\htdocs...', 186)
#1 D:\xampp\htdocs\farmasi\system\Database\MySQLi\Connection.php(186): mysqli->real_connect('192.168.0.697', 'simrs', Object(SensitiveParameterValue), 'simrs', 3306, '', 0)
#2 D:\xampp\htdocs\farmasi\system\Database\BaseConnection.php(421): CodeIgniter\Database\MySQLi\Connection->connect(false)
#3 D:\xampp\htdocs\farmasi\system\Database\BaseConnection.php(616): CodeIgniter\Database\BaseConnection->initialize()
#4 D:\xampp\htdocs\farmasi\system\Database\BaseBuilder.php(1644): CodeIgniter\Database\BaseConnection->query('SELECT `id`, `n...', Array, false)
#5 D:\xampp\htdocs\farmasi\system\Model.php(286): CodeIgniter\Database\BaseBuilder->get()
#6 D:\xampp\htdocs\farmasi\system\BaseModel.php(675): CodeIgniter\Model->doFindAll(0, 0)
#7 D:\xampp\htdocs\farmasi\app\Controllers\AntrianController.php(52): CodeIgniter\BaseModel->findAll()
#8 D:\xampp\htdocs\farmasi\system\CodeIgniter.php(933): App\Controllers\AntrianController->getAntrianRacikan()
#9 D:\xampp\htdocs\farmasi\system\CodeIgniter.php(509): CodeIgniter\CodeIgniter->runController(Object(App\Controllers\AntrianController))
#10 D:\xampp\htdocs\farmasi\system\CodeIgniter.php(355): CodeIgniter\CodeIgniter->handleRequest(NULL, Object(Config\Cache), false)
#11 D:\xampp\htdocs\farmasi\system\Boot.php(334): CodeIgniter\CodeIgniter->run()
#12 D:\xampp\htdocs\farmasi\system\Boot.php(67): CodeIgniter\Boot::runCodeIgniter(Object(CodeIgniter\CodeIgniter))
#13 D:\xampp\htdocs\farmasi\public\index.php(56): CodeIgniter\Boot::bootWeb(Object(Config\Paths))
#14 {main}

Next mysqli_sql_exception: php_network_getaddresses: getaddrinfo for 192.168.0.697 failed: No such host is known.  in D:\xampp\htdocs\farmasi\system\Database\MySQLi\Connection.php:186
Stack trace:
#0 D:\xampp\htdocs\farmasi\system\Database\MySQLi\Connection.php(186): mysqli->real_connect('192.168.0.697', 'simrs', Object(SensitiveParameterValue), 'simrs', 3306, '', 0)
#1 D:\xampp\htdocs\farmasi\system\Database\BaseConnection.php(421): CodeIgniter\Database\MySQLi\Connection->connect(false)
#2 D:\xampp\htdocs\farmasi\system\Database\BaseConnection.php(616): CodeIgniter\Database\BaseConnection->initialize()
#3 D:\xampp\htdocs\farmasi\system\Database\BaseBuilder.php(1644): CodeIgniter\Database\BaseConnection->query('SELECT `id`, `n...', Array, false)
#4 D:\xampp\htdocs\farmasi\system\Model.php(286): CodeIgniter\Database\BaseBuilder->get()
#5 D:\xampp\htdocs\farmasi\system\BaseModel.php(675): CodeIgniter\Model->doFindAll(0, 0)
#6 D:\xampp\htdocs\farmasi\app\Controllers\AntrianController.php(52): CodeIgniter\BaseModel->findAll()
#7 D:\xampp\htdocs\farmasi\system\CodeIgniter.php(933): App\Controllers\AntrianController->getAntrianRacikan()
#8 D:\xampp\htdocs\farmasi\system\CodeIgniter.php(509): CodeIgniter\CodeIgniter->runController(Object(App\Controllers\AntrianController))
#9 D:\xampp\htdocs\farmasi\system\CodeIgniter.php(355): CodeIgniter\CodeIgniter->handleRequest(NULL, Object(Config\Cache), false)
#10 D:\xampp\htdocs\farmasi\system\Boot.php(334): CodeIgniter\CodeIgniter->run()
#11 D:\xampp\htdocs\farmasi\system\Boot.php(67): CodeIgniter\Boot::runCodeIgniter(Object(CodeIgniter\CodeIgniter))
#12 D:\xampp\htdocs\farmasi\public\index.php(56): CodeIgniter\Boot::bootWeb(Object(Config\Paths))
#13 {main}

Next CodeIgniter\Database\Exceptions\DatabaseException: php_network_getaddresses: getaddrinfo for 192.168.0.697 failed: No such host is known.  in D:\xampp\htdocs\farmasi\system\Database\MySQLi\Connection.php:231
Stack trace:
#0 D:\xampp\htdocs\farmasi\system\Database\BaseConnection.php(421): CodeIgniter\Database\MySQLi\Connection->connect(false)
#1 D:\xampp\htdocs\farmasi\system\Database\BaseConnection.php(616): CodeIgniter\Database\BaseConnection->initialize()
#2 D:\xampp\htdocs\farmasi\system\Database\BaseBuilder.php(1644): CodeIgniter\Database\BaseConnection->query('SELECT `id`, `n...', Array, false)
#3 D:\xampp\htdocs\farmasi\system\Model.php(286): CodeIgniter\Database\BaseBuilder->get()
#4 D:\xampp\htdocs\farmasi\system\BaseModel.php(675): CodeIgniter\Model->doFindAll(0, 0)
#5 D:\xampp\htdocs\farmasi\app\Controllers\AntrianController.php(52): CodeIgniter\BaseModel->findAll()
#6 D:\xampp\htdocs\farmasi\system\CodeIgniter.php(933): App\Controllers\AntrianController->getAntrianRacikan()
#7 D:\xampp\htdocs\farmasi\system\CodeIgniter.php(509): CodeIgniter\CodeIgniter->runController(Object(App\Controllers\AntrianController))
#8 D:\xampp\htdocs\farmasi\system\CodeIgniter.php(355): CodeIgniter\CodeIgniter->handleRequest(NULL, Object(Config\Cache), false)
#9 D:\xampp\htdocs\farmasi\system\Boot.php(334): CodeIgniter\CodeIgniter->run()
#10 D:\xampp\htdocs\farmasi\system\Boot.php(67): CodeIgniter\Boot::runCodeIgniter(Object(CodeIgniter\CodeIgniter))
#11 D:\xampp\htdocs\farmasi\public\index.php(56): CodeIgniter\Boot::bootWeb(Object(Config\Paths))
#12 {main}
CRITICAL - 2025-02-09 11:03:03 --> CodeIgniter\Database\Exceptions\DatabaseException: Unable to connect to the database.
Main connection [MySQLi]: php_network_getaddresses: getaddrinfo for 192.168.0.697 failed: No such host is known. 
[Method: GET, Route: antrian/racikan]
in SYSTEMPATH\Database\BaseConnection.php on line 467.
 1 SYSTEMPATH\Database\BaseConnection.php(616): CodeIgniter\Database\BaseConnection->initialize()
 2 SYSTEMPATH\Database\BaseBuilder.php(1644): CodeIgniter\Database\BaseConnection->query('SELECT `id`, `nomor`, `antrian`, `tanggal`, `no_reg`, `nama`, `antrian_aktif`, `sts_racikan`, `end_at`
FROM `trn_kpo_rajal`
WHERE `tanggal` = :tanggal:
AND `sts_racikan` = :sts_racikan:
AND `process_at` is NOT NULL
AND `end_at` IS NULL', [...], false)
 3 SYSTEMPATH\Model.php(286): CodeIgniter\Database\BaseBuilder->get()
 4 SYSTEMPATH\BaseModel.php(675): CodeIgniter\Model->doFindAll(0, 0)
 5 APPPATH\Controllers\AntrianController.php(52): CodeIgniter\BaseModel->findAll()
 6 SYSTEMPATH\CodeIgniter.php(933): App\Controllers\AntrianController->getAntrianRacikan()
 7 SYSTEMPATH\CodeIgniter.php(509): CodeIgniter\CodeIgniter->runController(Object(App\Controllers\AntrianController))
 8 SYSTEMPATH\CodeIgniter.php(355): CodeIgniter\CodeIgniter->handleRequest(null, Object(Config\Cache), false)
 9 SYSTEMPATH\Boot.php(334): CodeIgniter\CodeIgniter->run()
10 SYSTEMPATH\Boot.php(67): CodeIgniter\Boot::runCodeIgniter(Object(CodeIgniter\CodeIgniter))
11 FCPATH\index.php(56): CodeIgniter\Boot::bootWeb(Object(Config\Paths))
ERROR - 2025-02-09 11:03:03 --> Error connecting to the database: ErrorException: mysqli::real_connect(): php_network_getaddresses: getaddrinfo for 192.168.0.697 failed: No such host is known.  in D:\xampp\htdocs\farmasi\system\Database\MySQLi\Connection.php:186
Stack trace:
#0 [internal function]: CodeIgniter\Debug\Exceptions->errorHandler(2, 'mysqli::real_co...', 'D:\\xampp\\htdocs...', 186)
#1 D:\xampp\htdocs\farmasi\system\Database\MySQLi\Connection.php(186): mysqli->real_connect('192.168.0.697', 'simrs', Object(SensitiveParameterValue), 'simrs', 3306, '', 0)
#2 D:\xampp\htdocs\farmasi\system\Database\BaseConnection.php(421): CodeIgniter\Database\MySQLi\Connection->connect(false)
#3 D:\xampp\htdocs\farmasi\system\Database\BaseConnection.php(616): CodeIgniter\Database\BaseConnection->initialize()
#4 D:\xampp\htdocs\farmasi\system\Database\BaseBuilder.php(1644): CodeIgniter\Database\BaseConnection->query('SELECT `id`, `n...', Array, false)
#5 D:\xampp\htdocs\farmasi\system\Model.php(286): CodeIgniter\Database\BaseBuilder->get()
#6 D:\xampp\htdocs\farmasi\system\BaseModel.php(675): CodeIgniter\Model->doFindAll(0, 0)
#7 D:\xampp\htdocs\farmasi\app\Controllers\AntrianController.php(66): CodeIgniter\BaseModel->findAll()
#8 D:\xampp\htdocs\farmasi\system\CodeIgniter.php(933): App\Controllers\AntrianController->getProsesRacikan()
#9 D:\xampp\htdocs\farmasi\system\CodeIgniter.php(509): CodeIgniter\CodeIgniter->runController(Object(App\Controllers\AntrianController))
#10 D:\xampp\htdocs\farmasi\system\CodeIgniter.php(355): CodeIgniter\CodeIgniter->handleRequest(NULL, Object(Config\Cache), false)
#11 D:\xampp\htdocs\farmasi\system\Boot.php(334): CodeIgniter\CodeIgniter->run()
#12 D:\xampp\htdocs\farmasi\system\Boot.php(67): CodeIgniter\Boot::runCodeIgniter(Object(CodeIgniter\CodeIgniter))
#13 D:\xampp\htdocs\farmasi\public\index.php(56): CodeIgniter\Boot::bootWeb(Object(Config\Paths))
#14 {main}

Next mysqli_sql_exception: php_network_getaddresses: getaddrinfo for 192.168.0.697 failed: No such host is known.  in D:\xampp\htdocs\farmasi\system\Database\MySQLi\Connection.php:186
Stack trace:
#0 D:\xampp\htdocs\farmasi\system\Database\MySQLi\Connection.php(186): mysqli->real_connect('192.168.0.697', 'simrs', Object(SensitiveParameterValue), 'simrs', 3306, '', 0)
#1 D:\xampp\htdocs\farmasi\system\Database\BaseConnection.php(421): CodeIgniter\Database\MySQLi\Connection->connect(false)
#2 D:\xampp\htdocs\farmasi\system\Database\BaseConnection.php(616): CodeIgniter\Database\BaseConnection->initialize()
#3 D:\xampp\htdocs\farmasi\system\Database\BaseBuilder.php(1644): CodeIgniter\Database\BaseConnection->query('SELECT `id`, `n...', Array, false)
#4 D:\xampp\htdocs\farmasi\system\Model.php(286): CodeIgniter\Database\BaseBuilder->get()
#5 D:\xampp\htdocs\farmasi\system\BaseModel.php(675): CodeIgniter\Model->doFindAll(0, 0)
#6 D:\xampp\htdocs\farmasi\app\Controllers\AntrianController.php(66): CodeIgniter\BaseModel->findAll()
#7 D:\xampp\htdocs\farmasi\system\CodeIgniter.php(933): App\Controllers\AntrianController->getProsesRacikan()
#8 D:\xampp\htdocs\farmasi\system\CodeIgniter.php(509): CodeIgniter\CodeIgniter->runController(Object(App\Controllers\AntrianController))
#9 D:\xampp\htdocs\farmasi\system\CodeIgniter.php(355): CodeIgniter\CodeIgniter->handleRequest(NULL, Object(Config\Cache), false)
#10 D:\xampp\htdocs\farmasi\system\Boot.php(334): CodeIgniter\CodeIgniter->run()
#11 D:\xampp\htdocs\farmasi\system\Boot.php(67): CodeIgniter\Boot::runCodeIgniter(Object(CodeIgniter\CodeIgniter))
#12 D:\xampp\htdocs\farmasi\public\index.php(56): CodeIgniter\Boot::bootWeb(Object(Config\Paths))
#13 {main}

Next CodeIgniter\Database\Exceptions\DatabaseException: php_network_getaddresses: getaddrinfo for 192.168.0.697 failed: No such host is known.  in D:\xampp\htdocs\farmasi\system\Database\MySQLi\Connection.php:231
Stack trace:
#0 D:\xampp\htdocs\farmasi\system\Database\BaseConnection.php(421): CodeIgniter\Database\MySQLi\Connection->connect(false)
#1 D:\xampp\htdocs\farmasi\system\Database\BaseConnection.php(616): CodeIgniter\Database\BaseConnection->initialize()
#2 D:\xampp\htdocs\farmasi\system\Database\BaseBuilder.php(1644): CodeIgniter\Database\BaseConnection->query('SELECT `id`, `n...', Array, false)
#3 D:\xampp\htdocs\farmasi\system\Model.php(286): CodeIgniter\Database\BaseBuilder->get()
#4 D:\xampp\htdocs\farmasi\system\BaseModel.php(675): CodeIgniter\Model->doFindAll(0, 0)
#5 D:\xampp\htdocs\farmasi\app\Controllers\AntrianController.php(66): CodeIgniter\BaseModel->findAll()
#6 D:\xampp\htdocs\farmasi\system\CodeIgniter.php(933): App\Controllers\AntrianController->getProsesRacikan()
#7 D:\xampp\htdocs\farmasi\system\CodeIgniter.php(509): CodeIgniter\CodeIgniter->runController(Object(App\Controllers\AntrianController))
#8 D:\xampp\htdocs\farmasi\system\CodeIgniter.php(355): CodeIgniter\CodeIgniter->handleRequest(NULL, Object(Config\Cache), false)
#9 D:\xampp\htdocs\farmasi\system\Boot.php(334): CodeIgniter\CodeIgniter->run()
#10 D:\xampp\htdocs\farmasi\system\Boot.php(67): CodeIgniter\Boot::runCodeIgniter(Object(CodeIgniter\CodeIgniter))
#11 D:\xampp\htdocs\farmasi\public\index.php(56): CodeIgniter\Boot::bootWeb(Object(Config\Paths))
#12 {main}
CRITICAL - 2025-02-09 11:03:03 --> CodeIgniter\Database\Exceptions\DatabaseException: Unable to connect to the database.
Main connection [MySQLi]: php_network_getaddresses: getaddrinfo for 192.168.0.697 failed: No such host is known. 
[Method: GET, Route: antrian/prosesRacikan]
in SYSTEMPATH\Database\BaseConnection.php on line 467.
 1 SYSTEMPATH\Database\BaseConnection.php(616): CodeIgniter\Database\BaseConnection->initialize()
 2 SYSTEMPATH\Database\BaseBuilder.php(1644): CodeIgniter\Database\BaseConnection->query('SELECT `id`, `nomor`, `antrian`, `tanggal`, `no_reg`, `nama`, `antrian_aktif`, `sts_racikan`, `end_at`
FROM `trn_kpo_rajal`
WHERE `tanggal` = :tanggal:
AND `sts_racikan` = :sts_racikan:
AND `process_at` IS NULL
AND `end_at` IS NULL', [...], false)
 3 SYSTEMPATH\Model.php(286): CodeIgniter\Database\BaseBuilder->get()
 4 SYSTEMPATH\BaseModel.php(675): CodeIgniter\Model->doFindAll(0, 0)
 5 APPPATH\Controllers\AntrianController.php(66): CodeIgniter\BaseModel->findAll()
 6 SYSTEMPATH\CodeIgniter.php(933): App\Controllers\AntrianController->getProsesRacikan()
 7 SYSTEMPATH\CodeIgniter.php(509): CodeIgniter\CodeIgniter->runController(Object(App\Controllers\AntrianController))
 8 SYSTEMPATH\CodeIgniter.php(355): CodeIgniter\CodeIgniter->handleRequest(null, Object(Config\Cache), false)
 9 SYSTEMPATH\Boot.php(334): CodeIgniter\CodeIgniter->run()
10 SYSTEMPATH\Boot.php(67): CodeIgniter\Boot::runCodeIgniter(Object(CodeIgniter\CodeIgniter))
11 FCPATH\index.php(56): CodeIgniter\Boot::bootWeb(Object(Config\Paths))
ERROR - 2025-02-09 11:03:03 --> Error connecting to the database: ErrorException: mysqli::real_connect(): php_network_getaddresses: getaddrinfo for 192.168.0.697 failed: No such host is known.  in D:\xampp\htdocs\farmasi\system\Database\MySQLi\Connection.php:186
Stack trace:
#0 [internal function]: CodeIgniter\Debug\Exceptions->errorHandler(2, 'mysqli::real_co...', 'D:\\xampp\\htdocs...', 186)
#1 D:\xampp\htdocs\farmasi\system\Database\MySQLi\Connection.php(186): mysqli->real_connect('192.168.0.697', 'simrs', Object(SensitiveParameterValue), 'simrs', 3306, '', 0)
#2 D:\xampp\htdocs\farmasi\system\Database\BaseConnection.php(421): CodeIgniter\Database\MySQLi\Connection->connect(false)
#3 D:\xampp\htdocs\farmasi\system\Database\BaseConnection.php(616): CodeIgniter\Database\BaseConnection->initialize()
#4 D:\xampp\htdocs\farmasi\system\Database\BaseBuilder.php(1644): CodeIgniter\Database\BaseConnection->query('SELECT `id`, `a...', Array, false)
#5 D:\xampp\htdocs\farmasi\system\Model.php(330): CodeIgniter\Database\BaseBuilder->get()
#6 D:\xampp\htdocs\farmasi\system\BaseModel.php(713): CodeIgniter\Model->doFirst()
#7 D:\xampp\htdocs\farmasi\app\Controllers\AntrianController.php(82): CodeIgniter\BaseModel->first()
#8 D:\xampp\htdocs\farmasi\system\CodeIgniter.php(933): App\Controllers\AntrianController->getAntrianSekarang()
#9 D:\xampp\htdocs\farmasi\system\CodeIgniter.php(509): CodeIgniter\CodeIgniter->runController(Object(App\Controllers\AntrianController))
#10 D:\xampp\htdocs\farmasi\system\CodeIgniter.php(355): CodeIgniter\CodeIgniter->handleRequest(NULL, Object(Config\Cache), false)
#11 D:\xampp\htdocs\farmasi\system\Boot.php(334): CodeIgniter\CodeIgniter->run()
#12 D:\xampp\htdocs\farmasi\system\Boot.php(67): CodeIgniter\Boot::runCodeIgniter(Object(CodeIgniter\CodeIgniter))
#13 D:\xampp\htdocs\farmasi\public\index.php(56): CodeIgniter\Boot::bootWeb(Object(Config\Paths))
#14 {main}

Next mysqli_sql_exception: php_network_getaddresses: getaddrinfo for 192.168.0.697 failed: No such host is known.  in D:\xampp\htdocs\farmasi\system\Database\MySQLi\Connection.php:186
Stack trace:
#0 D:\xampp\htdocs\farmasi\system\Database\MySQLi\Connection.php(186): mysqli->real_connect('192.168.0.697', 'simrs', Object(SensitiveParameterValue), 'simrs', 3306, '', 0)
#1 D:\xampp\htdocs\farmasi\system\Database\BaseConnection.php(421): CodeIgniter\Database\MySQLi\Connection->connect(false)
#2 D:\xampp\htdocs\farmasi\system\Database\BaseConnection.php(616): CodeIgniter\Database\BaseConnection->initialize()
#3 D:\xampp\htdocs\farmasi\system\Database\BaseBuilder.php(1644): CodeIgniter\Database\BaseConnection->query('SELECT `id`, `a...', Array, false)
#4 D:\xampp\htdocs\farmasi\system\Model.php(330): CodeIgniter\Database\BaseBuilder->get()
#5 D:\xampp\htdocs\farmasi\system\BaseModel.php(713): CodeIgniter\Model->doFirst()
#6 D:\xampp\htdocs\farmasi\app\Controllers\AntrianController.php(82): CodeIgniter\BaseModel->first()
#7 D:\xampp\htdocs\farmasi\system\CodeIgniter.php(933): App\Controllers\AntrianController->getAntrianSekarang()
#8 D:\xampp\htdocs\farmasi\system\CodeIgniter.php(509): CodeIgniter\CodeIgniter->runController(Object(App\Controllers\AntrianController))
#9 D:\xampp\htdocs\farmasi\system\CodeIgniter.php(355): CodeIgniter\CodeIgniter->handleRequest(NULL, Object(Config\Cache), false)
#10 D:\xampp\htdocs\farmasi\system\Boot.php(334): CodeIgniter\CodeIgniter->run()
#11 D:\xampp\htdocs\farmasi\system\Boot.php(67): CodeIgniter\Boot::runCodeIgniter(Object(CodeIgniter\CodeIgniter))
#12 D:\xampp\htdocs\farmasi\public\index.php(56): CodeIgniter\Boot::bootWeb(Object(Config\Paths))
#13 {main}

Next CodeIgniter\Database\Exceptions\DatabaseException: php_network_getaddresses: getaddrinfo for 192.168.0.697 failed: No such host is known.  in D:\xampp\htdocs\farmasi\system\Database\MySQLi\Connection.php:231
Stack trace:
#0 D:\xampp\htdocs\farmasi\system\Database\BaseConnection.php(421): CodeIgniter\Database\MySQLi\Connection->connect(false)
#1 D:\xampp\htdocs\farmasi\system\Database\BaseConnection.php(616): CodeIgniter\Database\BaseConnection->initialize()
#2 D:\xampp\htdocs\farmasi\system\Database\BaseBuilder.php(1644): CodeIgniter\Database\BaseConnection->query('SELECT `id`, `a...', Array, false)
#3 D:\xampp\htdocs\farmasi\system\Model.php(330): CodeIgniter\Database\BaseBuilder->get()
#4 D:\xampp\htdocs\farmasi\system\BaseModel.php(713): CodeIgniter\Model->doFirst()
#5 D:\xampp\htdocs\farmasi\app\Controllers\AntrianController.php(82): CodeIgniter\BaseModel->first()
#6 D:\xampp\htdocs\farmasi\system\CodeIgniter.php(933): App\Controllers\AntrianController->getAntrianSekarang()
#7 D:\xampp\htdocs\farmasi\system\CodeIgniter.php(509): CodeIgniter\CodeIgniter->runController(Object(App\Controllers\AntrianController))
#8 D:\xampp\htdocs\farmasi\system\CodeIgniter.php(355): CodeIgniter\CodeIgniter->handleRequest(NULL, Object(Config\Cache), false)
#9 D:\xampp\htdocs\farmasi\system\Boot.php(334): CodeIgniter\CodeIgniter->run()
#10 D:\xampp\htdocs\farmasi\system\Boot.php(67): CodeIgniter\Boot::runCodeIgniter(Object(CodeIgniter\CodeIgniter))
#11 D:\xampp\htdocs\farmasi\public\index.php(56): CodeIgniter\Boot::bootWeb(Object(Config\Paths))
#12 {main}
CRITICAL - 2025-02-09 11:03:03 --> CodeIgniter\Database\Exceptions\DatabaseException: Unable to connect to the database.
Main connection [MySQLi]: php_network_getaddresses: getaddrinfo for 192.168.0.697 failed: No such host is known. 
[Method: GET, Route: antrian/antrianSekarang]
in SYSTEMPATH\Database\BaseConnection.php on line 467.
 1 SYSTEMPATH\Database\BaseConnection.php(616): CodeIgniter\Database\BaseConnection->initialize()
 2 SYSTEMPATH\Database\BaseBuilder.php(1644): CodeIgniter\Database\BaseConnection->query('SELECT `id`, `antrian`
FROM `trn_kpo_rajal`
WHERE `tanggal` = :tanggal:
AND `antrian_aktif` = :antrian_aktif:
AND `sts_racikan` = :sts_racikan:
AND `call_at` IS NULL
AND `end_at` IS NULL
ORDER BY `antrian` ASC
 LIMIT 1', [...], false)
 3 SYSTEMPATH\Model.php(330): CodeIgniter\Database\BaseBuilder->get()
 4 SYSTEMPATH\BaseModel.php(713): CodeIgniter\Model->doFirst()
 5 APPPATH\Controllers\AntrianController.php(82): CodeIgniter\BaseModel->first()
 6 SYSTEMPATH\CodeIgniter.php(933): App\Controllers\AntrianController->getAntrianSekarang()
 7 SYSTEMPATH\CodeIgniter.php(509): CodeIgniter\CodeIgniter->runController(Object(App\Controllers\AntrianController))
 8 SYSTEMPATH\CodeIgniter.php(355): CodeIgniter\CodeIgniter->handleRequest(null, Object(Config\Cache), false)
 9 SYSTEMPATH\Boot.php(334): CodeIgniter\CodeIgniter->run()
10 SYSTEMPATH\Boot.php(67): CodeIgniter\Boot::runCodeIgniter(Object(CodeIgniter\CodeIgniter))
11 FCPATH\index.php(56): CodeIgniter\Boot::bootWeb(Object(Config\Paths))
