CRITICAL - 2025-02-07 22:46:04 --> CodeIgniter\View\Exceptions\ViewException: Invalid file: "antrian/index-ekse.php"
[Method: GET, Route: eksekutif]
in SYSTEMPATH\Exceptions\FrameworkException.php on line 41.
 1 SYSTEMPATH\View\View.php(222): CodeIgniter\Exceptions\FrameworkException::forInvalidFile('antrian/index-ekse.php')
 2 SYSTEMPATH\Common.php(1171): CodeIgniter\View\View->render('antrian/index-ekse', [], true)
 3 APPPATH\Controllers\EksekutifController.php(23): view('antrian/index-ekse')
 4 SYSTEMPATH\CodeIgniter.php(933): App\Controllers\EksekutifController->index()
 5 SYSTEMPATH\CodeIgniter.php(509): CodeIgniter\CodeIgniter->runController(Object(App\Controllers\EksekutifController))
 6 SYSTEMPATH\CodeIgniter.php(355): CodeIgniter\CodeIgniter->handleRequest(null, Object(Config\Cache), false)
 7 SYSTEMPATH\Boot.php(334): CodeIgniter\CodeIgniter->run()
 8 SYSTEMPATH\Boot.php(67): CodeIgniter\Boot::runCodeIgniter(Object(CodeIgniter\CodeIgniter))
 9 FCPATH\index.php(56): CodeIgniter\Boot::bootWeb(Object(Config\Paths))
CRITICAL - 2025-02-07 22:47:59 --> CodeIgniter\View\Exceptions\ViewException: Invalid file: "antrian/display-ekse.php"
[Method: GET, Route: display-ekse]
in SYSTEMPATH\Exceptions\FrameworkException.php on line 41.
 1 SYSTEMPATH\View\View.php(222): CodeIgniter\Exceptions\FrameworkException::forInvalidFile('antrian/display-ekse.php')
 2 SYSTEMPATH\Common.php(1171): CodeIgniter\View\View->render('antrian/display-ekse', [], true)
 3 APPPATH\Controllers\EksekutifController.php(28): view('antrian/display-ekse')
 4 SYSTEMPATH\CodeIgniter.php(933): App\Controllers\EksekutifController->displayEkse()
 5 SYSTEMPATH\CodeIgniter.php(509): CodeIgniter\CodeIgniter->runController(Object(App\Controllers\EksekutifController))
 6 SYSTEMPATH\CodeIgniter.php(355): CodeIgniter\CodeIgniter->handleRequest(null, Object(Config\Cache), false)
 7 SYSTEMPATH\Boot.php(334): CodeIgniter\CodeIgniter->run()
 8 SYSTEMPATH\Boot.php(67): CodeIgniter\Boot::runCodeIgniter(Object(CodeIgniter\CodeIgniter))
 9 FCPATH\index.php(56): CodeIgniter\Boot::bootWeb(Object(Config\Paths))
CRITICAL - 2025-02-07 22:48:38 --> CodeIgniter\View\Exceptions\ViewException: Invalid file: "antrian/display-ekse.php"
[Method: GET, Route: display-ekse]
in SYSTEMPATH\Exceptions\FrameworkException.php on line 41.
 1 SYSTEMPATH\View\View.php(222): CodeIgniter\Exceptions\FrameworkException::forInvalidFile('antrian/display-ekse.php')
 2 SYSTEMPATH\Common.php(1171): CodeIgniter\View\View->render('antrian/display-ekse', [], true)
 3 APPPATH\Controllers\EksekutifController.php(28): view('antrian/display-ekse')
 4 SYSTEMPATH\CodeIgniter.php(933): App\Controllers\EksekutifController->displayEkse()
 5 SYSTEMPATH\CodeIgniter.php(509): CodeIgniter\CodeIgniter->runController(Object(App\Controllers\EksekutifController))
 6 SYSTEMPATH\CodeIgniter.php(355): CodeIgniter\CodeIgniter->handleRequest(null, Object(Config\Cache), false)
 7 SYSTEMPATH\Boot.php(334): CodeIgniter\CodeIgniter->run()
 8 SYSTEMPATH\Boot.php(67): CodeIgniter\Boot::runCodeIgniter(Object(CodeIgniter\CodeIgniter))
 9 FCPATH\index.php(56): CodeIgniter\Boot::bootWeb(Object(Config\Paths))
