CRITICAL - 2025-01-18 17:51:29 --> CodeIgniter\Database\Exceptions\DataException: There is no data to update.
[Method: POST, Route: antrian/call/78fe8a85-7274-4ab3-b351-9d5e7b8f2c36]
in SYSTEMPATH\BaseModel.php on line 1010.
 1 SYSTEMPATH\BaseModel.php(1010): CodeIgniter\Database\Exceptions\DataException::forEmptyDataset('update')
 2 SYSTEMPATH\Model.php(863): CodeIgniter\BaseModel->update([...], [])
 3 APPPATH\Controllers\AntrianController.php(73): CodeIgniter\Model->update('78fe8a85-7274-4ab3-b351-9d5e7b8f2c36', [...])
 4 SYSTEMPATH\CodeIgniter.php(933): App\Controllers\AntrianController->callAntrian('78fe8a85-7274-4ab3-b351-9d5e7b8f2c36')
 5 SYSTEMPATH\CodeIgniter.php(509): CodeIgniter\CodeIgniter->runController(Object(App\Controllers\AntrianController))
 6 SYSTEMPATH\CodeIgniter.php(355): CodeIgniter\CodeIgniter->handleRequest(null, Object(Config\Cache), false)
 7 SYSTEMPATH\Boot.php(334): CodeIgniter\CodeIgniter->run()
 8 SYSTEMPATH\Boot.php(67): CodeIgniter\Boot::runCodeIgniter(Object(CodeIgniter\CodeIgniter))
 9 FCPATH\index.php(56): CodeIgniter\Boot::bootWeb(Object(Config\Paths))
10 SYSTEMPATH\rewrite.php(44): require_once('D:\\xampp\\htdocs\\farmasi\\public\\index.php')
CRITICAL - 2025-01-18 17:51:32 --> CodeIgniter\Database\Exceptions\DataException: There is no data to update.
[Method: POST, Route: antrian/call/0dc28bb8-21d8-4bfe-85e8-194b2e3e5280]
in SYSTEMPATH\BaseModel.php on line 1010.
 1 SYSTEMPATH\BaseModel.php(1010): CodeIgniter\Database\Exceptions\DataException::forEmptyDataset('update')
 2 SYSTEMPATH\Model.php(863): CodeIgniter\BaseModel->update([...], [])
 3 APPPATH\Controllers\AntrianController.php(73): CodeIgniter\Model->update('0dc28bb8-21d8-4bfe-85e8-194b2e3e5280', [...])
 4 SYSTEMPATH\CodeIgniter.php(933): App\Controllers\AntrianController->callAntrian('0dc28bb8-21d8-4bfe-85e8-194b2e3e5280')
 5 SYSTEMPATH\CodeIgniter.php(509): CodeIgniter\CodeIgniter->runController(Object(App\Controllers\AntrianController))
 6 SYSTEMPATH\CodeIgniter.php(355): CodeIgniter\CodeIgniter->handleRequest(null, Object(Config\Cache), false)
 7 SYSTEMPATH\Boot.php(334): CodeIgniter\CodeIgniter->run()
 8 SYSTEMPATH\Boot.php(67): CodeIgniter\Boot::runCodeIgniter(Object(CodeIgniter\CodeIgniter))
 9 FCPATH\index.php(56): CodeIgniter\Boot::bootWeb(Object(Config\Paths))
10 SYSTEMPATH\rewrite.php(44): require_once('D:\\xampp\\htdocs\\farmasi\\public\\index.php')
CRITICAL - 2025-01-18 17:52:20 --> CodeIgniter\Database\Exceptions\DataException: There is no data to update.
[Method: POST, Route: antrian/call/78fe8a85-7274-4ab3-b351-9d5e7b8f2c36]
in SYSTEMPATH\BaseModel.php on line 1010.
 1 SYSTEMPATH\BaseModel.php(1010): CodeIgniter\Database\Exceptions\DataException::forEmptyDataset('update')
 2 SYSTEMPATH\Model.php(863): CodeIgniter\BaseModel->update([...], [])
 3 APPPATH\Controllers\AntrianController.php(73): CodeIgniter\Model->update('78fe8a85-7274-4ab3-b351-9d5e7b8f2c36', [...])
 4 SYSTEMPATH\CodeIgniter.php(933): App\Controllers\AntrianController->callAntrian('78fe8a85-7274-4ab3-b351-9d5e7b8f2c36')
 5 SYSTEMPATH\CodeIgniter.php(509): CodeIgniter\CodeIgniter->runController(Object(App\Controllers\AntrianController))
 6 SYSTEMPATH\CodeIgniter.php(355): CodeIgniter\CodeIgniter->handleRequest(null, Object(Config\Cache), false)
 7 SYSTEMPATH\Boot.php(334): CodeIgniter\CodeIgniter->run()
 8 SYSTEMPATH\Boot.php(67): CodeIgniter\Boot::runCodeIgniter(Object(CodeIgniter\CodeIgniter))
 9 FCPATH\index.php(56): CodeIgniter\Boot::bootWeb(Object(Config\Paths))
10 SYSTEMPATH\rewrite.php(44): require_once('D:\\xampp\\htdocs\\farmasi\\public\\index.php')
CRITICAL - 2025-01-18 17:52:24 --> CodeIgniter\Database\Exceptions\DataException: There is no data to update.
[Method: POST, Route: antrian/call/0dc28bb8-21d8-4bfe-85e8-194b2e3e5280]
in SYSTEMPATH\BaseModel.php on line 1010.
 1 SYSTEMPATH\BaseModel.php(1010): CodeIgniter\Database\Exceptions\DataException::forEmptyDataset('update')
 2 SYSTEMPATH\Model.php(863): CodeIgniter\BaseModel->update([...], [])
 3 APPPATH\Controllers\AntrianController.php(73): CodeIgniter\Model->update('0dc28bb8-21d8-4bfe-85e8-194b2e3e5280', [...])
 4 SYSTEMPATH\CodeIgniter.php(933): App\Controllers\AntrianController->callAntrian('0dc28bb8-21d8-4bfe-85e8-194b2e3e5280')
 5 SYSTEMPATH\CodeIgniter.php(509): CodeIgniter\CodeIgniter->runController(Object(App\Controllers\AntrianController))
 6 SYSTEMPATH\CodeIgniter.php(355): CodeIgniter\CodeIgniter->handleRequest(null, Object(Config\Cache), false)
 7 SYSTEMPATH\Boot.php(334): CodeIgniter\CodeIgniter->run()
 8 SYSTEMPATH\Boot.php(67): CodeIgniter\Boot::runCodeIgniter(Object(CodeIgniter\CodeIgniter))
 9 FCPATH\index.php(56): CodeIgniter\Boot::bootWeb(Object(Config\Paths))
10 SYSTEMPATH\rewrite.php(44): require_once('D:\\xampp\\htdocs\\farmasi\\public\\index.php')
CRITICAL - 2025-01-18 18:13:21 --> CodeIgniter\Database\Exceptions\DataException: There is no data to update.
[Method: POST, Route: antrian/call/b65703e2-adbe-4c97-9630-f24bff8939c4]
in SYSTEMPATH\BaseModel.php on line 1010.
 1 SYSTEMPATH\BaseModel.php(1010): CodeIgniter\Database\Exceptions\DataException::forEmptyDataset('update')
 2 SYSTEMPATH\Model.php(863): CodeIgniter\BaseModel->update([...], [])
 3 APPPATH\Controllers\AntrianController.php(73): CodeIgniter\Model->update('b65703e2-adbe-4c97-9630-f24bff8939c4', [...])
 4 SYSTEMPATH\CodeIgniter.php(933): App\Controllers\AntrianController->callAntrian('b65703e2-adbe-4c97-9630-f24bff8939c4')
 5 SYSTEMPATH\CodeIgniter.php(509): CodeIgniter\CodeIgniter->runController(Object(App\Controllers\AntrianController))
 6 SYSTEMPATH\CodeIgniter.php(355): CodeIgniter\CodeIgniter->handleRequest(null, Object(Config\Cache), false)
 7 SYSTEMPATH\Boot.php(334): CodeIgniter\CodeIgniter->run()
 8 SYSTEMPATH\Boot.php(67): CodeIgniter\Boot::runCodeIgniter(Object(CodeIgniter\CodeIgniter))
 9 FCPATH\index.php(56): CodeIgniter\Boot::bootWeb(Object(Config\Paths))
10 SYSTEMPATH\rewrite.php(44): require_once('D:\\xampp\\htdocs\\farmasi\\public\\index.php')
CRITICAL - 2025-01-18 18:14:11 --> CodeIgniter\Database\Exceptions\DataException: There is no data to update.
[Method: POST, Route: antrian/call/ca339bde-0729-4212-b586-6736f3fe2735]
in SYSTEMPATH\BaseModel.php on line 1010.
 1 SYSTEMPATH\BaseModel.php(1010): CodeIgniter\Database\Exceptions\DataException::forEmptyDataset('update')
 2 SYSTEMPATH\Model.php(863): CodeIgniter\BaseModel->update([...], [])
 3 APPPATH\Controllers\AntrianController.php(73): CodeIgniter\Model->update('ca339bde-0729-4212-b586-6736f3fe2735', [...])
 4 SYSTEMPATH\CodeIgniter.php(933): App\Controllers\AntrianController->callAntrian('ca339bde-0729-4212-b586-6736f3fe2735')
 5 SYSTEMPATH\CodeIgniter.php(509): CodeIgniter\CodeIgniter->runController(Object(App\Controllers\AntrianController))
 6 SYSTEMPATH\CodeIgniter.php(355): CodeIgniter\CodeIgniter->handleRequest(null, Object(Config\Cache), false)
 7 SYSTEMPATH\Boot.php(334): CodeIgniter\CodeIgniter->run()
 8 SYSTEMPATH\Boot.php(67): CodeIgniter\Boot::runCodeIgniter(Object(CodeIgniter\CodeIgniter))
 9 FCPATH\index.php(56): CodeIgniter\Boot::bootWeb(Object(Config\Paths))
10 SYSTEMPATH\rewrite.php(44): require_once('D:\\xampp\\htdocs\\farmasi\\public\\index.php')
CRITICAL - 2025-01-18 18:16:32 --> CodeIgniter\Database\Exceptions\DataException: There is no data to update.
[Method: POST, Route: antrian/call/9a47bbd5-4536-4274-9276-72fec26de993]
in SYSTEMPATH\BaseModel.php on line 1010.
 1 SYSTEMPATH\BaseModel.php(1010): CodeIgniter\Database\Exceptions\DataException::forEmptyDataset('update')
 2 SYSTEMPATH\Model.php(863): CodeIgniter\BaseModel->update([...], [])
 3 APPPATH\Controllers\AntrianController.php(73): CodeIgniter\Model->update('9a47bbd5-4536-4274-9276-72fec26de993', [...])
 4 SYSTEMPATH\CodeIgniter.php(933): App\Controllers\AntrianController->callAntrian('9a47bbd5-4536-4274-9276-72fec26de993')
 5 SYSTEMPATH\CodeIgniter.php(509): CodeIgniter\CodeIgniter->runController(Object(App\Controllers\AntrianController))
 6 SYSTEMPATH\CodeIgniter.php(355): CodeIgniter\CodeIgniter->handleRequest(null, Object(Config\Cache), false)
 7 SYSTEMPATH\Boot.php(334): CodeIgniter\CodeIgniter->run()
 8 SYSTEMPATH\Boot.php(67): CodeIgniter\Boot::runCodeIgniter(Object(CodeIgniter\CodeIgniter))
 9 FCPATH\index.php(56): CodeIgniter\Boot::bootWeb(Object(Config\Paths))
10 SYSTEMPATH\rewrite.php(44): require_once('D:\\xampp\\htdocs\\farmasi\\public\\index.php')
CRITICAL - 2025-01-18 18:16:50 --> CodeIgniter\Database\Exceptions\DataException: There is no data to update.
[Method: POST, Route: antrian/call/78fe8a85-7274-4ab3-b351-9d5e7b8f2c36]
in SYSTEMPATH\BaseModel.php on line 1010.
 1 SYSTEMPATH\BaseModel.php(1010): CodeIgniter\Database\Exceptions\DataException::forEmptyDataset('update')
 2 SYSTEMPATH\Model.php(863): CodeIgniter\BaseModel->update([...], [])
 3 APPPATH\Controllers\AntrianController.php(73): CodeIgniter\Model->update('78fe8a85-7274-4ab3-b351-9d5e7b8f2c36', [...])
 4 SYSTEMPATH\CodeIgniter.php(933): App\Controllers\AntrianController->callAntrian('78fe8a85-7274-4ab3-b351-9d5e7b8f2c36')
 5 SYSTEMPATH\CodeIgniter.php(509): CodeIgniter\CodeIgniter->runController(Object(App\Controllers\AntrianController))
 6 SYSTEMPATH\CodeIgniter.php(355): CodeIgniter\CodeIgniter->handleRequest(null, Object(Config\Cache), false)
 7 SYSTEMPATH\Boot.php(334): CodeIgniter\CodeIgniter->run()
 8 SYSTEMPATH\Boot.php(67): CodeIgniter\Boot::runCodeIgniter(Object(CodeIgniter\CodeIgniter))
 9 FCPATH\index.php(56): CodeIgniter\Boot::bootWeb(Object(Config\Paths))
10 SYSTEMPATH\rewrite.php(44): require_once('D:\\xampp\\htdocs\\farmasi\\public\\index.php')
CRITICAL - 2025-01-18 18:17:09 --> CodeIgniter\Database\Exceptions\DataException: There is no data to update.
[Method: POST, Route: antrian/call/4f587d89-e629-4535-86dc-46e37f1043de]
in SYSTEMPATH\BaseModel.php on line 1010.
 1 SYSTEMPATH\BaseModel.php(1010): CodeIgniter\Database\Exceptions\DataException::forEmptyDataset('update')
 2 SYSTEMPATH\Model.php(863): CodeIgniter\BaseModel->update([...], [])
 3 APPPATH\Controllers\AntrianController.php(73): CodeIgniter\Model->update('4f587d89-e629-4535-86dc-46e37f1043de', [...])
 4 SYSTEMPATH\CodeIgniter.php(933): App\Controllers\AntrianController->callAntrian('4f587d89-e629-4535-86dc-46e37f1043de')
 5 SYSTEMPATH\CodeIgniter.php(509): CodeIgniter\CodeIgniter->runController(Object(App\Controllers\AntrianController))
 6 SYSTEMPATH\CodeIgniter.php(355): CodeIgniter\CodeIgniter->handleRequest(null, Object(Config\Cache), false)
 7 SYSTEMPATH\Boot.php(334): CodeIgniter\CodeIgniter->run()
 8 SYSTEMPATH\Boot.php(67): CodeIgniter\Boot::runCodeIgniter(Object(CodeIgniter\CodeIgniter))
 9 FCPATH\index.php(56): CodeIgniter\Boot::bootWeb(Object(Config\Paths))
10 SYSTEMPATH\rewrite.php(44): require_once('D:\\xampp\\htdocs\\farmasi\\public\\index.php')
CRITICAL - 2025-01-18 18:22:33 --> CodeIgniter\Database\Exceptions\DataException: There is no data to update.
[Method: POST, Route: antrian/call/9a47bbd5-4536-4274-9276-72fec26de993]
in SYSTEMPATH\BaseModel.php on line 1010.
 1 SYSTEMPATH\BaseModel.php(1010): CodeIgniter\Database\Exceptions\DataException::forEmptyDataset('update')
 2 SYSTEMPATH\Model.php(863): CodeIgniter\BaseModel->update([...], [])
 3 APPPATH\Controllers\AntrianController.php(77): CodeIgniter\Model->update('9a47bbd5-4536-4274-9276-72fec26de993', [...])
 4 SYSTEMPATH\CodeIgniter.php(933): App\Controllers\AntrianController->callAntrian('9a47bbd5-4536-4274-9276-72fec26de993')
 5 SYSTEMPATH\CodeIgniter.php(509): CodeIgniter\CodeIgniter->runController(Object(App\Controllers\AntrianController))
 6 SYSTEMPATH\CodeIgniter.php(355): CodeIgniter\CodeIgniter->handleRequest(null, Object(Config\Cache), false)
 7 SYSTEMPATH\Boot.php(334): CodeIgniter\CodeIgniter->run()
 8 SYSTEMPATH\Boot.php(67): CodeIgniter\Boot::runCodeIgniter(Object(CodeIgniter\CodeIgniter))
 9 FCPATH\index.php(56): CodeIgniter\Boot::bootWeb(Object(Config\Paths))
10 SYSTEMPATH\rewrite.php(44): require_once('D:\\xampp\\htdocs\\farmasi\\public\\index.php')
CRITICAL - 2025-01-18 18:22:50 --> CodeIgniter\Database\Exceptions\DataException: There is no data to update.
[Method: POST, Route: antrian/call/9a47bbd5-4536-4274-9276-72fec26de993]
in SYSTEMPATH\BaseModel.php on line 1010.
 1 SYSTEMPATH\BaseModel.php(1010): CodeIgniter\Database\Exceptions\DataException::forEmptyDataset('update')
 2 SYSTEMPATH\Model.php(863): CodeIgniter\BaseModel->update([...], [])
 3 APPPATH\Controllers\AntrianController.php(77): CodeIgniter\Model->update('9a47bbd5-4536-4274-9276-72fec26de993', [...])
 4 SYSTEMPATH\CodeIgniter.php(933): App\Controllers\AntrianController->callAntrian('9a47bbd5-4536-4274-9276-72fec26de993')
 5 SYSTEMPATH\CodeIgniter.php(509): CodeIgniter\CodeIgniter->runController(Object(App\Controllers\AntrianController))
 6 SYSTEMPATH\CodeIgniter.php(355): CodeIgniter\CodeIgniter->handleRequest(null, Object(Config\Cache), false)
 7 SYSTEMPATH\Boot.php(334): CodeIgniter\CodeIgniter->run()
 8 SYSTEMPATH\Boot.php(67): CodeIgniter\Boot::runCodeIgniter(Object(CodeIgniter\CodeIgniter))
 9 FCPATH\index.php(56): CodeIgniter\Boot::bootWeb(Object(Config\Paths))
10 SYSTEMPATH\rewrite.php(44): require_once('D:\\xampp\\htdocs\\farmasi\\public\\index.php')
CRITICAL - 2025-01-18 18:25:27 --> CodeIgniter\Database\Exceptions\DataException: There is no data to update.
[Method: POST, Route: antrian/call/9a47bbd5-4536-4274-9276-72fec26de993]
in SYSTEMPATH\BaseModel.php on line 1010.
 1 SYSTEMPATH\BaseModel.php(1010): CodeIgniter\Database\Exceptions\DataException::forEmptyDataset('update')
 2 SYSTEMPATH\Model.php(863): CodeIgniter\BaseModel->update([...], [])
 3 APPPATH\Controllers\AntrianController.php(77): CodeIgniter\Model->update('9a47bbd5-4536-4274-9276-72fec26de993', [...])
 4 SYSTEMPATH\CodeIgniter.php(933): App\Controllers\AntrianController->callAntrian('9a47bbd5-4536-4274-9276-72fec26de993')
 5 SYSTEMPATH\CodeIgniter.php(509): CodeIgniter\CodeIgniter->runController(Object(App\Controllers\AntrianController))
 6 SYSTEMPATH\CodeIgniter.php(355): CodeIgniter\CodeIgniter->handleRequest(null, Object(Config\Cache), false)
 7 SYSTEMPATH\Boot.php(334): CodeIgniter\CodeIgniter->run()
 8 SYSTEMPATH\Boot.php(67): CodeIgniter\Boot::runCodeIgniter(Object(CodeIgniter\CodeIgniter))
 9 FCPATH\index.php(56): CodeIgniter\Boot::bootWeb(Object(Config\Paths))
10 SYSTEMPATH\rewrite.php(44): require_once('D:\\xampp\\htdocs\\farmasi\\public\\index.php')
CRITICAL - 2025-01-18 18:35:50 --> CodeIgniter\Database\Exceptions\DataException: There is no data to update.
[Method: POST, Route: antrian/call/9a47bbd5-4536-4274-9276-72fec26de993]
in SYSTEMPATH\BaseModel.php on line 1010.
 1 SYSTEMPATH\BaseModel.php(1010): CodeIgniter\Database\Exceptions\DataException::forEmptyDataset('update')
 2 SYSTEMPATH\Model.php(863): CodeIgniter\BaseModel->update([...], [])
 3 APPPATH\Controllers\AntrianController.php(77): CodeIgniter\Model->update('9a47bbd5-4536-4274-9276-72fec26de993', [...])
 4 SYSTEMPATH\CodeIgniter.php(933): App\Controllers\AntrianController->callAntrian('9a47bbd5-4536-4274-9276-72fec26de993')
 5 SYSTEMPATH\CodeIgniter.php(509): CodeIgniter\CodeIgniter->runController(Object(App\Controllers\AntrianController))
 6 SYSTEMPATH\CodeIgniter.php(355): CodeIgniter\CodeIgniter->handleRequest(null, Object(Config\Cache), false)
 7 SYSTEMPATH\Boot.php(334): CodeIgniter\CodeIgniter->run()
 8 SYSTEMPATH\Boot.php(67): CodeIgniter\Boot::runCodeIgniter(Object(CodeIgniter\CodeIgniter))
 9 FCPATH\index.php(56): CodeIgniter\Boot::bootWeb(Object(Config\Paths))
10 SYSTEMPATH\rewrite.php(44): require_once('D:\\xampp\\htdocs\\farmasi\\public\\index.php')
CRITICAL - 2025-01-18 22:57:04 --> TypeError: CodeIgniter\Database\BaseBuilder::select(): Argument #2 ($escape) must be of type ?bool, string given, called in D:\xampp\htdocs\farmasi\system\Model.php on line 928
[Method: GET, Route: antrian/hari-ini]
in SYSTEMPATH\Database\BaseBuilder.php on line 398.
 1 SYSTEMPATH\Model.php(928): CodeIgniter\Database\BaseBuilder->select('antrian', 'nomor', 'no_reg', 'nama')
 2 APPPATH\Controllers\AntrianController.php(32): CodeIgniter\Model->__call('select', [...])
 3 SYSTEMPATH\CodeIgniter.php(933): App\Controllers\AntrianController->getAntrianHariIni()
 4 SYSTEMPATH\CodeIgniter.php(509): CodeIgniter\CodeIgniter->runController(Object(App\Controllers\AntrianController))
 5 SYSTEMPATH\CodeIgniter.php(355): CodeIgniter\CodeIgniter->handleRequest(null, Object(Config\Cache), false)
 6 SYSTEMPATH\Boot.php(334): CodeIgniter\CodeIgniter->run()
 7 SYSTEMPATH\Boot.php(67): CodeIgniter\Boot::runCodeIgniter(Object(CodeIgniter\CodeIgniter))
 8 FCPATH\index.php(56): CodeIgniter\Boot::bootWeb(Object(Config\Paths))
 9 SYSTEMPATH\rewrite.php(44): require_once('D:\\xampp\\htdocs\\farmasi\\public\\index.php')
